<?xml version="1.0" encoding="UTF-8"?>
<coverage generated="1679672808786" clover="3.2.0">
  <project timestamp="1679672808787" name="All files">
    <metrics statements="140" coveredstatements="124" conditionals="48" coveredconditionals="37" methods="78" coveredmethods="67" elements="266" coveredelements="228" complexity="0" loc="140" ncloc="140" packages="11" files="18" classes="18"/>
    <package name="src">
      <metrics statements="1" coveredstatements="1" conditionals="0" coveredconditionals="0" methods="1" coveredmethods="1"/>
      <file name="App.tsx" path="D:/rs_school/rsschool-react-course/src/App.tsx">
        <metrics statements="1" coveredstatements="1" conditionals="0" coveredconditionals="0" methods="1" coveredmethods="1"/>
        <line num="11" count="1" type="stmt"/>
      </file>
    </package>
    <package name="src.components.AboutPageComponent">
      <metrics statements="1" coveredstatements="0" conditionals="0" coveredconditionals="0" methods="1" coveredmethods="0"/>
      <file name="AboutPage.tsx" path="D:/rs_school/rsschool-react-course/src/components/AboutPageComponent/AboutPage.tsx">
        <metrics statements="1" coveredstatements="0" conditionals="0" coveredconditionals="0" methods="1" coveredmethods="0"/>
        <line num="7" count="0" type="stmt"/>
      </file>
    </package>
    <package name="src.components.CardComponent">
      <metrics statements="23" coveredstatements="23" conditionals="20" coveredconditionals="17" methods="9" coveredmethods="9"/>
      <file name="Card.tsx" path="D:/rs_school/rsschool-react-course/src/components/CardComponent/Card.tsx">
        <metrics statements="23" coveredstatements="23" conditionals="20" coveredconditionals="17" methods="9" coveredmethods="9"/>
        <line num="26" count="18" type="stmt"/>
        <line num="30" count="18" type="stmt"/>
        <line num="32" count="18" type="stmt"/>
        <line num="33" count="4" type="stmt"/>
        <line num="36" count="18" type="stmt"/>
        <line num="37" count="2" type="cond" truecount="1" falsecount="1"/>
        <line num="38" count="2" type="stmt"/>
        <line num="39" count="2" type="stmt"/>
        <line num="46" count="18" type="stmt"/>
        <line num="47" count="2" type="cond" truecount="2" falsecount="0"/>
        <line num="48" count="1" type="stmt"/>
        <line num="50" count="1" type="stmt"/>
        <line num="54" count="18" type="cond" truecount="2" falsecount="0"/>
        <line num="55" count="11" type="stmt"/>
        <line num="56" count="11" type="cond" truecount="2" falsecount="0"/>
        <line num="57" count="11" type="stmt"/>
        <line num="59" count="11" type="stmt"/>
        <line num="64" count="18" type="stmt"/>
        <line num="68" count="31" type="stmt"/>
        <line num="70" count="31" type="stmt"/>
        <line num="94" count="2" type="stmt"/>
        <line num="120" count="2" type="cond" truecount="1" falsecount="1"/>
        <line num="121" count="2" type="stmt"/>
      </file>
    </package>
    <package name="src.components.CatsPageComponent">
      <metrics statements="60" coveredstatements="56" conditionals="12" coveredconditionals="6" methods="31" coveredmethods="27"/>
      <file name="CatsPage.tsx" path="D:/rs_school/rsschool-react-course/src/components/CatsPageComponent/CatsPage.tsx">
        <metrics statements="60" coveredstatements="56" conditionals="12" coveredconditionals="6" methods="31" coveredmethods="27"/>
        <line num="35" count="11" type="stmt"/>
        <line num="36" count="11" type="stmt"/>
        <line num="37" count="11" type="stmt"/>
        <line num="38" count="11" type="stmt"/>
        <line num="39" count="11" type="stmt"/>
        <line num="40" count="11" type="stmt"/>
        <line num="41" count="11" type="stmt"/>
        <line num="42" count="11" type="stmt"/>
        <line num="43" count="11" type="stmt"/>
        <line num="46" count="11" type="stmt"/>
        <line num="48" count="11" type="stmt"/>
        <line num="49" count="11" type="stmt"/>
        <line num="51" count="11" type="stmt"/>
        <line num="52" count="11" type="cond" truecount="2" falsecount="0"/>
        <line num="54" count="1" type="stmt"/>
        <line num="55" count="1" type="stmt"/>
        <line num="59" count="11" type="stmt"/>
        <line num="71" count="1" type="stmt"/>
        <line num="72" count="1" type="stmt"/>
        <line num="83" count="1" type="stmt"/>
        <line num="84" count="1" type="stmt"/>
        <line num="85" count="1" type="stmt"/>
        <line num="86" count="1" type="stmt"/>
        <line num="87" count="1" type="stmt"/>
        <line num="88" count="1" type="stmt"/>
        <line num="89" count="1" type="stmt"/>
        <line num="90" count="1" type="stmt"/>
        <line num="91" count="1" type="stmt"/>
        <line num="92" count="1" type="stmt"/>
        <line num="101" count="1" type="stmt"/>
        <line num="104" count="1" type="stmt"/>
        <line num="108" count="11" type="stmt"/>
        <line num="109" count="1" type="stmt"/>
        <line num="114" count="11" type="stmt"/>
        <line num="115" count="0" type="stmt"/>
        <line num="117" count="11" type="stmt"/>
        <line num="120" count="11" type="stmt"/>
        <line num="121" count="20" type="stmt"/>
        <line num="122" count="20" type="cond" truecount="1" falsecount="1"/>
        <line num="123" count="20" type="stmt"/>
        <line num="127" count="0" type="stmt"/>
        <line num="133" count="11" type="stmt"/>
        <line num="134" count="1" type="stmt"/>
        <line num="139" count="11" type="stmt"/>
        <line num="140" count="2" type="stmt"/>
        <line num="145" count="11" type="stmt"/>
        <line num="146" count="1" type="stmt"/>
        <line num="151" count="11" type="stmt"/>
        <line num="152" count="4" type="stmt"/>
        <line num="157" count="11" type="stmt"/>
        <line num="158" count="0" type="cond" truecount="0" falsecount="2"/>
        <line num="159" count="0" type="stmt"/>
        <line num="165" count="11" type="stmt"/>
        <line num="166" count="1" type="stmt"/>
        <line num="167" count="1" type="stmt"/>
        <line num="168" count="1" type="stmt"/>
        <line num="170" count="1" type="stmt"/>
        <line num="174" count="41" type="stmt"/>
        <line num="181" count="1" type="stmt"/>
        <line num="215" count="2" type="stmt"/>
      </file>
    </package>
    <package name="src.components.Footer">
      <metrics statements="1" coveredstatements="1" conditionals="0" coveredconditionals="0" methods="1" coveredmethods="1"/>
      <file name="Footer.tsx" path="D:/rs_school/rsschool-react-course/src/components/Footer/Footer.tsx">
        <metrics statements="1" coveredstatements="1" conditionals="0" coveredconditionals="0" methods="1" coveredmethods="1"/>
        <line num="8" count="1" type="stmt"/>
      </file>
    </package>
    <package name="src.components.Header">
      <metrics statements="1" coveredstatements="1" conditionals="0" coveredconditionals="0" methods="1" coveredmethods="1"/>
      <file name="Header.tsx" path="D:/rs_school/rsschool-react-course/src/components/Header/Header.tsx">
        <metrics statements="1" coveredstatements="1" conditionals="0" coveredconditionals="0" methods="1" coveredmethods="1"/>
        <line num="8" count="1" type="stmt"/>
      </file>
    </package>
    <package name="src.components.HomePageComponent">
      <metrics statements="2" coveredstatements="2" conditionals="0" coveredconditionals="0" methods="2" coveredmethods="2"/>
      <file name="HomePage.tsx" path="D:/rs_school/rsschool-react-course/src/components/HomePageComponent/HomePage.tsx">
        <metrics statements="2" coveredstatements="2" conditionals="0" coveredconditionals="0" methods="2" coveredmethods="2"/>
        <line num="9" count="1" type="stmt"/>
        <line num="14" count="6" type="stmt"/>
      </file>
    </package>
    <package name="src.components.Layout">
      <metrics statements="1" coveredstatements="1" conditionals="0" coveredconditionals="0" methods="1" coveredmethods="1"/>
      <file name="Layout.tsx" path="D:/rs_school/rsschool-react-course/src/components/Layout/Layout.tsx">
        <metrics statements="1" coveredstatements="1" conditionals="0" coveredconditionals="0" methods="1" coveredmethods="1"/>
        <line num="9" count="1" type="stmt"/>
      </file>
    </package>
    <package name="src.components.NotFoundPageComponent">
      <metrics statements="1" coveredstatements="0" conditionals="0" coveredconditionals="0" methods="1" coveredmethods="0"/>
      <file name="NotFoundPage.tsx" path="D:/rs_school/rsschool-react-course/src/components/NotFoundPageComponent/NotFoundPage.tsx">
        <metrics statements="1" coveredstatements="0" conditionals="0" coveredconditionals="0" methods="1" coveredmethods="0"/>
        <line num="6" count="0" type="stmt"/>
      </file>
    </package>
    <package name="src.components.SearchBar">
      <metrics statements="14" coveredstatements="7" conditionals="2" coveredconditionals="2" methods="7" coveredmethods="3"/>
      <file name="SearchBar.tsx" path="D:/rs_school/rsschool-react-course/src/components/SearchBar/SearchBar.tsx">
        <metrics statements="14" coveredstatements="7" conditionals="2" coveredconditionals="2" methods="7" coveredmethods="3"/>
        <line num="6" count="1" type="stmt"/>
        <line num="10" count="1" type="stmt"/>
        <line num="11" count="0" type="stmt"/>
        <line num="12" count="0" type="stmt"/>
        <line num="15" count="1" type="stmt"/>
        <line num="16" count="0" type="stmt"/>
        <line num="17" count="0" type="stmt"/>
        <line num="21" count="1" type="stmt"/>
        <line num="25" count="1" type="stmt"/>
        <line num="26" count="1" type="stmt"/>
        <line num="30" count="1" type="stmt"/>
        <line num="34" count="0" type="stmt"/>
        <line num="35" count="0" type="stmt"/>
        <line num="45" count="0" type="stmt"/>
      </file>
    </package>
    <package name="src.components.basicComponents">
      <metrics statements="35" coveredstatements="32" conditionals="14" coveredconditionals="12" methods="23" coveredmethods="22"/>
      <file name="CheckboxInput.tsx" path="D:/rs_school/rsschool-react-course/src/components/basicComponents/CheckboxInput.tsx">
        <metrics statements="13" coveredstatements="13" conditionals="4" coveredconditionals="4" methods="9" coveredmethods="9"/>
        <line num="16" count="11" type="stmt"/>
        <line num="20" count="11" type="stmt"/>
        <line num="21" count="4" type="stmt"/>
        <line num="22" count="4" type="cond" truecount="2" falsecount="0"/>
        <line num="23" count="3" type="stmt"/>
        <line num="27" count="1" type="stmt"/>
        <line num="28" count="3" type="stmt"/>
        <line num="37" count="34" type="cond" truecount="2" falsecount="0"/>
        <line num="38" count="4" type="stmt"/>
        <line num="43" count="45" type="stmt"/>
        <line num="53" count="2" type="stmt"/>
        <line num="69" count="1" type="stmt"/>
        <line num="85" count="1" type="stmt"/>
      </file>
      <file name="DateInput.tsx" path="D:/rs_school/rsschool-react-course/src/components/basicComponents/DateInput.tsx">
        <metrics statements="2" coveredstatements="2" conditionals="0" coveredconditionals="0" methods="1" coveredmethods="1"/>
        <line num="9" count="11" type="stmt"/>
        <line num="12" count="41" type="stmt"/>
      </file>
      <file name="FileInput.tsx" path="D:/rs_school/rsschool-react-course/src/components/basicComponents/FileInput.tsx">
        <metrics statements="8" coveredstatements="5" conditionals="2" coveredconditionals="0" methods="3" coveredmethods="2"/>
        <line num="11" count="41" type="stmt"/>
        <line num="20" count="1" type="stmt"/>
        <line num="21" count="1" type="stmt"/>
        <line num="22" count="1" type="stmt"/>
        <line num="23" count="0" type="stmt"/>
        <line num="24" count="0" type="cond" truecount="0" falsecount="2"/>
        <line num="25" count="0" type="stmt"/>
        <line num="28" count="1" type="stmt"/>
      </file>
      <file name="RadioInput.tsx" path="D:/rs_school/rsschool-react-course/src/components/basicComponents/RadioInput.tsx">
        <metrics statements="3" coveredstatements="3" conditionals="4" coveredconditionals="4" methods="3" coveredmethods="3"/>
        <line num="12" count="41" type="stmt"/>
        <line num="22" count="1" type="stmt"/>
        <line num="41" count="1" type="stmt"/>
      </file>
      <file name="RangeInput.tsx" path="D:/rs_school/rsschool-react-course/src/components/basicComponents/RangeInput.tsx">
        <metrics statements="3" coveredstatements="3" conditionals="0" coveredconditionals="0" methods="2" coveredmethods="2"/>
        <line num="13" count="41" type="stmt"/>
        <line num="27" count="1" type="stmt"/>
        <line num="28" count="1" type="stmt"/>
      </file>
      <file name="Rating.tsx" path="D:/rs_school/rsschool-react-course/src/components/basicComponents/Rating.tsx">
        <metrics statements="1" coveredstatements="1" conditionals="0" coveredconditionals="0" methods="1" coveredmethods="1"/>
        <line num="11" count="72" type="stmt"/>
      </file>
      <file name="SelectInput.tsx" path="D:/rs_school/rsschool-react-course/src/components/basicComponents/SelectInput.tsx">
        <metrics statements="3" coveredstatements="3" conditionals="0" coveredconditionals="0" methods="2" coveredmethods="2"/>
        <line num="11" count="41" type="stmt"/>
        <line num="17" count="1" type="stmt"/>
        <line num="18" count="1" type="stmt"/>
      </file>
      <file name="TextInput.tsx" path="D:/rs_school/rsschool-react-course/src/components/basicComponents/TextInput.tsx">
        <metrics statements="2" coveredstatements="2" conditionals="4" coveredconditionals="4" methods="2" coveredmethods="2"/>
        <line num="12" count="41" type="stmt"/>
        <line num="22" count="20" type="stmt"/>
      </file>
    </package>
  </project>
</coverage>
