{"D:/rs_school/rsschool-react-course/src/App.tsx": {"path":"D:/rs_school/rsschool-react-course/src/App.tsx","statementMap":{"0":{"start":{"line":11,"column":4},"end":{"line":22,"column":null}}},"fnMap":{"0":{"name":"(anonymous_0)","decl":{"start":{"line":10,"column":2},"end":{"line":10,"column":11}},"loc":{"start":{"line":10,"column":11},"end":{"line":24,"column":null}}}},"branchMap":{},"s":{"0":0},"f":{"0":0},"b":{}}
,"D:/rs_school/rsschool-react-course/src/components/CardComponent/Card.tsx": {"path":"D:/rs_school/rsschool-react-course/src/components/CardComponent/Card.tsx","statementMap":{"0":{"start":{"line":25,"column":10},"end":{"line":27,"column":null}},"1":{"start":{"line":29,"column":13},"end":{"line":29,"column":null}},"2":{"start":{"line":31,"column":26},"end":{"line":36,"column":null}},"3":{"start":{"line":32,"column":4},"end":{"line":32,"column":null}},"4":{"start":{"line":33,"column":4},"end":{"line":35,"column":null}},"5":{"start":{"line":33,"column":29},"end":{"line":35,"column":6}},"6":{"start":{"line":39,"column":18},"end":{"line":39,"column":null}},"7":{"start":{"line":40,"column":19},"end":{"line":40,"column":null}},"8":{"start":{"line":41,"column":4},"end":{"line":41,"column":null}},"9":{"start":{"line":43,"column":4},"end":{"line":45,"column":null}},"10":{"start":{"line":44,"column":6},"end":{"line":44,"column":null}},"11":{"start":{"line":49,"column":4},"end":{"line":51,"column":null}},"12":{"start":{"line":50,"column":6},"end":{"line":50,"column":null}},"13":{"start":{"line":55,"column":70},"end":{"line":55,"column":null}},"14":{"start":{"line":57,"column":4},"end":{"line":113,"column":null}},"15":{"start":{"line":79,"column":16},"end":{"line":79,"column":null}},"16":{"start":{"line":104,"column":16},"end":{"line":106,"column":null}},"17":{"start":{"line":105,"column":18},"end":{"line":105,"column":null}}},"fnMap":{"0":{"name":"(anonymous_0)","decl":{"start":{"line":31,"column":26},"end":{"line":31,"column":32}},"loc":{"start":{"line":31,"column":32},"end":{"line":36,"column":null}}},"1":{"name":"(anonymous_1)","decl":{"start":{"line":33,"column":18},"end":{"line":33,"column":19}},"loc":{"start":{"line":33,"column":29},"end":{"line":35,"column":6}}},"2":{"name":"(anonymous_2)","decl":{"start":{"line":38,"column":2},"end":{"line":38,"column":28}},"loc":{"start":{"line":38,"column":28},"end":{"line":46,"column":null}}},"3":{"name":"(anonymous_3)","decl":{"start":{"line":43,"column":44},"end":{"line":43,"column":50}},"loc":{"start":{"line":43,"column":50},"end":{"line":45,"column":5}}},"4":{"name":"(anonymous_4)","decl":{"start":{"line":48,"column":2},"end":{"line":48,"column":31}},"loc":{"start":{"line":48,"column":31},"end":{"line":52,"column":null}}},"5":{"name":"(anonymous_5)","decl":{"start":{"line":49,"column":47},"end":{"line":49,"column":53}},"loc":{"start":{"line":49,"column":53},"end":{"line":51,"column":5}}},"6":{"name":"(anonymous_6)","decl":{"start":{"line":54,"column":2},"end":{"line":54,"column":11}},"loc":{"start":{"line":54,"column":11},"end":{"line":115,"column":null}}},"7":{"name":"(anonymous_7)","decl":{"start":{"line":78,"column":23},"end":{"line":78,"column":29}},"loc":{"start":{"line":78,"column":29},"end":{"line":80,"column":null}}},"8":{"name":"(anonymous_8)","decl":{"start":{"line":103,"column":23},"end":{"line":103,"column":29}},"loc":{"start":{"line":103,"column":29},"end":{"line":107,"column":null}}}},"branchMap":{"0":{"loc":{"start":{"line":40,"column":19},"end":{"line":40,"column":null}},"type":"cond-expr","locations":[{"start":{"line":40,"column":28},"end":{"line":40,"column":63}},{"start":{"line":40,"column":63},"end":{"line":40,"column":null}}]},"1":{"loc":{"start":{"line":40,"column":28},"end":{"line":40,"column":63}},"type":"cond-expr","locations":[{"start":{"line":40,"column":47},"end":{"line":40,"column":54}},{"start":{"line":40,"column":54},"end":{"line":40,"column":63}}]},"2":{"loc":{"start":{"line":61,"column":15},"end":{"line":61,"column":null}},"type":"binary-expr","locations":[{"start":{"line":61,"column":15},"end":{"line":61,"column":24}},{"start":{"line":61,"column":24},"end":{"line":61,"column":null}}]},"3":{"loc":{"start":{"line":73,"column":11},"end":{"line":97,"column":null}},"type":"binary-expr","locations":[{"start":{"line":73,"column":11},"end":{"line":73,"column":null}},{"start":{"line":74,"column":12},"end":{"line":97,"column":null}}]},"4":{"loc":{"start":{"line":93,"column":48},"end":{"line":93,"column":null}},"type":"cond-expr","locations":[{"start":{"line":93,"column":71},"end":{"line":93,"column":85}},{"start":{"line":93,"column":85},"end":{"line":93,"column":null}}]},"5":{"loc":{"start":{"line":99,"column":11},"end":{"line":110,"column":null}},"type":"binary-expr","locations":[{"start":{"line":99,"column":11},"end":{"line":99,"column":null}},{"start":{"line":100,"column":12},"end":{"line":110,"column":null}}]},"6":{"loc":{"start":{"line":104,"column":16},"end":{"line":106,"column":null}},"type":"if","locations":[{"start":{"line":104,"column":16},"end":{"line":106,"column":null}},{"start":{"line":104,"column":16},"end":{"line":106,"column":null}}]}},"s":{"0":0,"1":0,"2":0,"3":0,"4":0,"5":0,"6":0,"7":0,"8":0,"9":0,"10":0,"11":0,"12":0,"13":0,"14":0,"15":0,"16":0,"17":0},"f":{"0":0,"1":0,"2":0,"3":0,"4":0,"5":0,"6":0,"7":0,"8":0},"b":{"0":[0,0],"1":[0,0],"2":[0,0],"3":[0,0],"4":[0,0],"5":[0,0],"6":[0,0]}}
,"D:/rs_school/rsschool-react-course/src/components/CatsPageComponent/CatsPage.tsx": {"path":"D:/rs_school/rsschool-react-course/src/components/CatsPageComponent/CatsPage.tsx","statementMap":{"0":{"start":{"line":32,"column":17},"end":{"line":32,"column":null}},"1":{"start":{"line":33,"column":19},"end":{"line":33,"column":null}},"2":{"start":{"line":34,"column":17},"end":{"line":34,"column":null}},"3":{"start":{"line":35,"column":19},"end":{"line":35,"column":null}},"4":{"start":{"line":36,"column":21},"end":{"line":36,"column":null}},"5":{"start":{"line":37,"column":17},"end":{"line":37,"column":null}},"6":{"start":{"line":40,"column":4},"end":{"line":40,"column":null}},"7":{"start":{"line":42,"column":24},"end":{"line":52,"column":null}},"8":{"start":{"line":43,"column":23},"end":{"line":43,"column":null}},"9":{"start":{"line":45,"column":6},"end":{"line":51,"column":null}},"10":{"start":{"line":46,"column":8},"end":{"line":46,"column":null}},"11":{"start":{"line":48,"column":8},"end":{"line":48,"column":null}},"12":{"start":{"line":49,"column":8},"end":{"line":49,"column":null}},"13":{"start":{"line":50,"column":8},"end":{"line":50,"column":null}},"14":{"start":{"line":54,"column":4},"end":{"line":61,"column":null}},"15":{"start":{"line":65,"column":4},"end":{"line":65,"column":null}},"16":{"start":{"line":66,"column":4},"end":{"line":74,"column":null}},"17":{"start":{"line":76,"column":4},"end":{"line":76,"column":null}},"18":{"start":{"line":76,"column":21},"end":{"line":76,"column":57}},"19":{"start":{"line":77,"column":4},"end":{"line":77,"column":null}},"20":{"start":{"line":78,"column":4},"end":{"line":78,"column":null}},"21":{"start":{"line":79,"column":4},"end":{"line":79,"column":null}},"22":{"start":{"line":80,"column":4},"end":{"line":80,"column":null}},"23":{"start":{"line":81,"column":4},"end":{"line":81,"column":null}},"24":{"start":{"line":82,"column":4},"end":{"line":86,"column":null}},"25":{"start":{"line":82,"column":25},"end":{"line":86,"column":6}},"26":{"start":{"line":90,"column":4},"end":{"line":92,"column":null}},"27":{"start":{"line":90,"column":50},"end":{"line":92,"column":6}},"28":{"start":{"line":93,"column":4},"end":{"line":93,"column":null}},"29":{"start":{"line":97,"column":4},"end":{"line":99,"column":null}},"30":{"start":{"line":98,"column":6},"end":{"line":98,"column":null}},"31":{"start":{"line":103,"column":4},"end":{"line":105,"column":null}},"32":{"start":{"line":104,"column":6},"end":{"line":104,"column":null}},"33":{"start":{"line":106,"column":4},"end":{"line":106,"column":null}},"34":{"start":{"line":109,"column":21},"end":{"line":120,"column":null}},"35":{"start":{"line":110,"column":22},"end":{"line":110,"column":null}},"36":{"start":{"line":111,"column":4},"end":{"line":119,"column":null}},"37":{"start":{"line":112,"column":6},"end":{"line":114,"column":null}},"38":{"start":{"line":112,"column":27},"end":{"line":114,"column":8}},"39":{"start":{"line":116,"column":6},"end":{"line":118,"column":null}},"40":{"start":{"line":116,"column":27},"end":{"line":118,"column":8}},"41":{"start":{"line":122,"column":22},"end":{"line":126,"column":null}},"42":{"start":{"line":123,"column":4},"end":{"line":125,"column":null}},"43":{"start":{"line":123,"column":25},"end":{"line":125,"column":6}},"44":{"start":{"line":128,"column":23},"end":{"line":132,"column":null}},"45":{"start":{"line":129,"column":4},"end":{"line":131,"column":null}},"46":{"start":{"line":129,"column":25},"end":{"line":131,"column":6}},"47":{"start":{"line":134,"column":25},"end":{"line":138,"column":null}},"48":{"start":{"line":135,"column":4},"end":{"line":137,"column":null}},"49":{"start":{"line":135,"column":25},"end":{"line":137,"column":6}},"50":{"start":{"line":140,"column":22},"end":{"line":147,"column":null}},"51":{"start":{"line":141,"column":4},"end":{"line":146,"column":null}},"52":{"start":{"line":142,"column":6},"end":{"line":145,"column":null}},"53":{"start":{"line":142,"column":27},"end":{"line":145,"column":8}},"54":{"start":{"line":149,"column":17},"end":{"line":155,"column":null}},"55":{"start":{"line":150,"column":28},"end":{"line":150,"column":null}},"56":{"start":{"line":150,"column":62},"end":{"line":150,"column":74}},"57":{"start":{"line":151,"column":4},"end":{"line":153,"column":null}},"58":{"start":{"line":151,"column":50},"end":{"line":153,"column":6}},"59":{"start":{"line":152,"column":44},"end":{"line":152,"column":65}},"60":{"start":{"line":154,"column":4},"end":{"line":154,"column":null}},"61":{"start":{"line":158,"column":4},"end":{"line":204,"column":null}},"62":{"start":{"line":165,"column":14},"end":{"line":165,"column":null}},"63":{"start":{"line":193,"column":12},"end":{"line":200,"column":null}}},"fnMap":{"0":{"name":"(anonymous_0)","decl":{"start":{"line":39,"column":2},"end":{"line":39,"column":16}},"loc":{"start":{"line":39,"column":16},"end":{"line":62,"column":null}}},"1":{"name":"(anonymous_1)","decl":{"start":{"line":42,"column":24},"end":{"line":42,"column":30}},"loc":{"start":{"line":42,"column":30},"end":{"line":52,"column":null}}},"2":{"name":"(anonymous_2)","decl":{"start":{"line":64,"column":2},"end":{"line":64,"column":15}},"loc":{"start":{"line":64,"column":52},"end":{"line":87,"column":null}}},"3":{"name":"(anonymous_3)","decl":{"start":{"line":76,"column":15},"end":{"line":76,"column":21}},"loc":{"start":{"line":76,"column":21},"end":{"line":76,"column":57}}},"4":{"name":"(anonymous_4)","decl":{"start":{"line":82,"column":18},"end":{"line":82,"column":25}},"loc":{"start":{"line":82,"column":25},"end":{"line":86,"column":6}}},"5":{"name":"(anonymous_5)","decl":{"start":{"line":89,"column":2},"end":{"line":89,"column":9}},"loc":{"start":{"line":89,"column":24},"end":{"line":94,"column":null}}},"6":{"name":"(anonymous_6)","decl":{"start":{"line":90,"column":18},"end":{"line":90,"column":19}},"loc":{"start":{"line":90,"column":50},"end":{"line":92,"column":6}}},"7":{"name":"(anonymous_7)","decl":{"start":{"line":96,"column":2},"end":{"line":96,"column":28}},"loc":{"start":{"line":96,"column":28},"end":{"line":100,"column":null}}},"8":{"name":"(anonymous_8)","decl":{"start":{"line":97,"column":44},"end":{"line":97,"column":50}},"loc":{"start":{"line":97,"column":50},"end":{"line":99,"column":5}}},"9":{"name":"(anonymous_9)","decl":{"start":{"line":102,"column":2},"end":{"line":102,"column":31}},"loc":{"start":{"line":102,"column":31},"end":{"line":107,"column":null}}},"10":{"name":"(anonymous_10)","decl":{"start":{"line":103,"column":47},"end":{"line":103,"column":53}},"loc":{"start":{"line":103,"column":53},"end":{"line":105,"column":5}}},"11":{"name":"(anonymous_11)","decl":{"start":{"line":109,"column":21},"end":{"line":109,"column":22}},"loc":{"start":{"line":109,"column":59},"end":{"line":120,"column":null}}},"12":{"name":"(anonymous_12)","decl":{"start":{"line":112,"column":20},"end":{"line":112,"column":27}},"loc":{"start":{"line":112,"column":27},"end":{"line":114,"column":8}}},"13":{"name":"(anonymous_13)","decl":{"start":{"line":116,"column":20},"end":{"line":116,"column":27}},"loc":{"start":{"line":116,"column":27},"end":{"line":118,"column":8}}},"14":{"name":"(anonymous_14)","decl":{"start":{"line":122,"column":22},"end":{"line":122,"column":23}},"loc":{"start":{"line":122,"column":42},"end":{"line":126,"column":null}}},"15":{"name":"(anonymous_15)","decl":{"start":{"line":123,"column":18},"end":{"line":123,"column":25}},"loc":{"start":{"line":123,"column":25},"end":{"line":125,"column":6}}},"16":{"name":"(anonymous_16)","decl":{"start":{"line":128,"column":23},"end":{"line":128,"column":24}},"loc":{"start":{"line":128,"column":43},"end":{"line":132,"column":null}}},"17":{"name":"(anonymous_17)","decl":{"start":{"line":129,"column":18},"end":{"line":129,"column":25}},"loc":{"start":{"line":129,"column":25},"end":{"line":131,"column":6}}},"18":{"name":"(anonymous_18)","decl":{"start":{"line":134,"column":25},"end":{"line":134,"column":26}},"loc":{"start":{"line":134,"column":44},"end":{"line":138,"column":null}}},"19":{"name":"(anonymous_19)","decl":{"start":{"line":135,"column":18},"end":{"line":135,"column":25}},"loc":{"start":{"line":135,"column":25},"end":{"line":137,"column":6}}},"20":{"name":"(anonymous_20)","decl":{"start":{"line":140,"column":22},"end":{"line":140,"column":23}},"loc":{"start":{"line":140,"column":55},"end":{"line":147,"column":null}}},"21":{"name":"(anonymous_21)","decl":{"start":{"line":142,"column":20},"end":{"line":142,"column":27}},"loc":{"start":{"line":142,"column":27},"end":{"line":145,"column":8}}},"22":{"name":"(anonymous_22)","decl":{"start":{"line":149,"column":17},"end":{"line":149,"column":18}},"loc":{"start":{"line":149,"column":33},"end":{"line":155,"column":null}}},"23":{"name":"(anonymous_23)","decl":{"start":{"line":150,"column":54},"end":{"line":150,"column":55}},"loc":{"start":{"line":150,"column":62},"end":{"line":150,"column":74}}},"24":{"name":"(anonymous_24)","decl":{"start":{"line":151,"column":18},"end":{"line":151,"column":19}},"loc":{"start":{"line":151,"column":50},"end":{"line":153,"column":6}}},"25":{"name":"(anonymous_25)","decl":{"start":{"line":152,"column":34},"end":{"line":152,"column":35}},"loc":{"start":{"line":152,"column":44},"end":{"line":152,"column":65}}},"26":{"name":"(anonymous_26)","decl":{"start":{"line":157,"column":2},"end":{"line":157,"column":11}},"loc":{"start":{"line":157,"column":11},"end":{"line":206,"column":null}}},"27":{"name":"(anonymous_27)","decl":{"start":{"line":164,"column":22},"end":{"line":164,"column":23}},"loc":{"start":{"line":164,"column":29},"end":{"line":166,"column":null}}},"28":{"name":"(anonymous_28)","decl":{"start":{"line":192,"column":31},"end":{"line":192,"column":32}},"loc":{"start":{"line":192,"column":50},"end":{"line":202,"column":11}}}},"branchMap":{"0":{"loc":{"start":{"line":46,"column":15},"end":{"line":46,"column":null}},"type":"cond-expr","locations":[{"start":{"line":46,"column":27},"end":{"line":46,"column":65}},{"start":{"line":46,"column":65},"end":{"line":46,"column":null}}]},"1":{"loc":{"start":{"line":67,"column":10},"end":{"line":67,"column":null}},"type":"cond-expr","locations":[{"start":{"line":67,"column":35},"end":{"line":67,"column":88}},{"start":{"line":67,"column":88},"end":{"line":67,"column":null}}]},"2":{"loc":{"start":{"line":68,"column":12},"end":{"line":68,"column":null}},"type":"binary-expr","locations":[{"start":{"line":68,"column":12},"end":{"line":68,"column":48}},{"start":{"line":68,"column":48},"end":{"line":68,"column":null}}]},"3":{"loc":{"start":{"line":70,"column":19},"end":{"line":70,"column":null}},"type":"binary-expr","locations":[{"start":{"line":70,"column":19},"end":{"line":70,"column":75}},{"start":{"line":70,"column":75},"end":{"line":70,"column":null}}]},"4":{"loc":{"start":{"line":111,"column":4},"end":{"line":119,"column":null}},"type":"if","locations":[{"start":{"line":111,"column":4},"end":{"line":119,"column":null}},{"start":{"line":115,"column":11},"end":{"line":119,"column":null}}]},"5":{"loc":{"start":{"line":141,"column":4},"end":{"line":146,"column":null}},"type":"if","locations":[{"start":{"line":141,"column":4},"end":{"line":146,"column":null}},{"start":{"line":141,"column":4},"end":{"line":146,"column":null}}]}},"s":{"0":0,"1":0,"2":0,"3":0,"4":0,"5":0,"6":0,"7":0,"8":0,"9":0,"10":0,"11":0,"12":0,"13":0,"14":0,"15":0,"16":0,"17":0,"18":0,"19":0,"20":0,"21":0,"22":0,"23":0,"24":0,"25":0,"26":0,"27":0,"28":0,"29":0,"30":0,"31":0,"32":0,"33":0,"34":0,"35":0,"36":0,"37":0,"38":0,"39":0,"40":0,"41":0,"42":0,"43":0,"44":0,"45":0,"46":0,"47":0,"48":0,"49":0,"50":0,"51":0,"52":0,"53":0,"54":0,"55":0,"56":0,"57":0,"58":0,"59":0,"60":0,"61":0,"62":0,"63":0},"f":{"0":0,"1":0,"2":0,"3":0,"4":0,"5":0,"6":0,"7":0,"8":0,"9":0,"10":0,"11":0,"12":0,"13":0,"14":0,"15":0,"16":0,"17":0,"18":0,"19":0,"20":0,"21":0,"22":0,"23":0,"24":0,"25":0,"26":0,"27":0,"28":0},"b":{"0":[0,0],"1":[0,0],"2":[0,0],"3":[0,0],"4":[0,0],"5":[0,0]}}
,"D:/rs_school/rsschool-react-course/src/components/Footer/Footer.tsx": {"path":"D:/rs_school/rsschool-react-course/src/components/Footer/Footer.tsx","statementMap":{"0":{"start":{"line":8,"column":4},"end":{"line":25,"column":null}}},"fnMap":{"0":{"name":"(anonymous_0)","decl":{"start":{"line":7,"column":2},"end":{"line":7,"column":11}},"loc":{"start":{"line":7,"column":11},"end":{"line":27,"column":null}}}},"branchMap":{},"s":{"0":0},"f":{"0":0},"b":{}}
,"D:/rs_school/rsschool-react-course/src/components/Header/Header.tsx": {"path":"D:/rs_school/rsschool-react-course/src/components/Header/Header.tsx","statementMap":{"0":{"start":{"line":8,"column":4},"end":{"line":24,"column":null}}},"fnMap":{"0":{"name":"(anonymous_0)","decl":{"start":{"line":7,"column":2},"end":{"line":7,"column":11}},"loc":{"start":{"line":7,"column":11},"end":{"line":26,"column":null}}}},"branchMap":{},"s":{"0":0},"f":{"0":0},"b":{}}
,"D:/rs_school/rsschool-react-course/src/components/HomePageComponent/HomePage.tsx": {"path":"D:/rs_school/rsschool-react-course/src/components/HomePageComponent/HomePage.tsx","statementMap":{"0":{"start":{"line":9,"column":4},"end":{"line":17,"column":null}},"1":{"start":{"line":14,"column":12},"end":{"line":14,"column":null}}},"fnMap":{"0":{"name":"(anonymous_0)","decl":{"start":{"line":8,"column":2},"end":{"line":8,"column":11}},"loc":{"start":{"line":8,"column":11},"end":{"line":19,"column":null}}},"1":{"name":"(anonymous_1)","decl":{"start":{"line":13,"column":20},"end":{"line":13,"column":21}},"loc":{"start":{"line":13,"column":30},"end":{"line":15,"column":11}}}},"branchMap":{},"s":{"0":0,"1":0},"f":{"0":0,"1":0},"b":{}}
,"D:/rs_school/rsschool-react-course/src/components/Layout/Layout.tsx": {"path":"D:/rs_school/rsschool-react-course/src/components/Layout/Layout.tsx","statementMap":{"0":{"start":{"line":9,"column":4},"end":{"line":16,"column":null}}},"fnMap":{"0":{"name":"(anonymous_0)","decl":{"start":{"line":8,"column":2},"end":{"line":8,"column":11}},"loc":{"start":{"line":8,"column":11},"end":{"line":18,"column":null}}}},"branchMap":{},"s":{"0":0},"f":{"0":0},"b":{}}
,"D:/rs_school/rsschool-react-course/src/components/SearchBar/SearchBar.tsx": {"path":"D:/rs_school/rsschool-react-course/src/components/SearchBar/SearchBar.tsx","statementMap":{"0":{"start":{"line":6,"column":10},"end":{"line":8,"column":null}},"1":{"start":{"line":10,"column":23},"end":{"line":13,"column":null}},"2":{"start":{"line":11,"column":18},"end":{"line":11,"column":null}},"3":{"start":{"line":12,"column":4},"end":{"line":12,"column":null}},"4":{"start":{"line":15,"column":23},"end":{"line":18,"column":null}},"5":{"start":{"line":16,"column":4},"end":{"line":16,"column":null}},"6":{"start":{"line":17,"column":4},"end":{"line":17,"column":null}},"7":{"start":{"line":21,"column":4},"end":{"line":21,"column":null}},"8":{"start":{"line":25,"column":4},"end":{"line":25,"column":null}},"9":{"start":{"line":26,"column":4},"end":{"line":26,"column":null}},"10":{"start":{"line":30,"column":4},"end":{"line":52,"column":null}},"11":{"start":{"line":34,"column":10},"end":{"line":34,"column":null}},"12":{"start":{"line":35,"column":10},"end":{"line":35,"column":null}},"13":{"start":{"line":45,"column":12},"end":{"line":45,"column":null}}},"fnMap":{"0":{"name":"(anonymous_0)","decl":{"start":{"line":10,"column":23},"end":{"line":10,"column":24}},"loc":{"start":{"line":10,"column":61},"end":{"line":13,"column":null}}},"1":{"name":"(anonymous_1)","decl":{"start":{"line":15,"column":23},"end":{"line":15,"column":29}},"loc":{"start":{"line":15,"column":29},"end":{"line":18,"column":null}}},"2":{"name":"(anonymous_2)","decl":{"start":{"line":20,"column":2},"end":{"line":20,"column":28}},"loc":{"start":{"line":20,"column":28},"end":{"line":22,"column":null}}},"3":{"name":"(anonymous_3)","decl":{"start":{"line":24,"column":2},"end":{"line":24,"column":31}},"loc":{"start":{"line":24,"column":31},"end":{"line":27,"column":null}}},"4":{"name":"(anonymous_4)","decl":{"start":{"line":29,"column":2},"end":{"line":29,"column":11}},"loc":{"start":{"line":29,"column":11},"end":{"line":54,"column":null}}},"5":{"name":"(anonymous_5)","decl":{"start":{"line":33,"column":18},"end":{"line":33,"column":19}},"loc":{"start":{"line":33,"column":25},"end":{"line":36,"column":null}}},"6":{"name":"(anonymous_6)","decl":{"start":{"line":44,"column":20},"end":{"line":44,"column":21}},"loc":{"start":{"line":44,"column":27},"end":{"line":46,"column":null}}}},"branchMap":{"0":{"loc":{"start":{"line":7,"column":17},"end":{"line":7,"column":null}},"type":"binary-expr","locations":[{"start":{"line":7,"column":17},"end":{"line":7,"column":57}},{"start":{"line":7,"column":57},"end":{"line":7,"column":null}}]}},"s":{"0":0,"1":0,"2":0,"3":0,"4":0,"5":0,"6":0,"7":0,"8":0,"9":0,"10":0,"11":0,"12":0,"13":0},"f":{"0":0,"1":0,"2":0,"3":0,"4":0,"5":0,"6":0},"b":{"0":[0,0]}}
,"D:/rs_school/rsschool-react-course/src/components/basicComponents/Rating.tsx": {"path":"D:/rs_school/rsschool-react-course/src/components/basicComponents/Rating.tsx","statementMap":{"0":{"start":{"line":11,"column":4},"end":{"line":23,"column":null}}},"fnMap":{"0":{"name":"(anonymous_0)","decl":{"start":{"line":10,"column":2},"end":{"line":10,"column":11}},"loc":{"start":{"line":10,"column":11},"end":{"line":25,"column":null}}}},"branchMap":{},"s":{"0":0},"f":{"0":0},"b":{}}
,"D:/rs_school/rsschool-react-course/src/components/basicComponents/SelectInput.tsx": {"path":"D:/rs_school/rsschool-react-course/src/components/basicComponents/SelectInput.tsx","statementMap":{"0":{"start":{"line":11,"column":4},"end":{"line":46,"column":null}},"1":{"start":{"line":17,"column":30},"end":{"line":17,"column":null}},"2":{"start":{"line":18,"column":12},"end":{"line":18,"column":null}}},"fnMap":{"0":{"name":"(anonymous_0)","decl":{"start":{"line":10,"column":2},"end":{"line":10,"column":11}},"loc":{"start":{"line":10,"column":11},"end":{"line":48,"column":null}}},"1":{"name":"(anonymous_1)","decl":{"start":{"line":16,"column":20},"end":{"line":16,"column":21}},"loc":{"start":{"line":16,"column":27},"end":{"line":19,"column":null}}}},"branchMap":{},"s":{"0":0,"1":0,"2":0},"f":{"0":0,"1":0},"b":{}}
,"D:/rs_school/rsschool-react-course/src/components/basicComponents/TextInput.tsx": {"path":"D:/rs_school/rsschool-react-course/src/components/basicComponents/TextInput.tsx","statementMap":{"0":{"start":{"line":12,"column":4},"end":{"line":29,"column":null}},"1":{"start":{"line":22,"column":12},"end":{"line":22,"column":null}}},"fnMap":{"0":{"name":"(anonymous_0)","decl":{"start":{"line":11,"column":2},"end":{"line":11,"column":11}},"loc":{"start":{"line":11,"column":11},"end":{"line":31,"column":null}}},"1":{"name":"(anonymous_1)","decl":{"start":{"line":21,"column":20},"end":{"line":21,"column":21}},"loc":{"start":{"line":21,"column":27},"end":{"line":23,"column":null}}}},"branchMap":{"0":{"loc":{"start":{"line":15,"column":36},"end":{"line":15,"column":null}},"type":"cond-expr","locations":[{"start":{"line":15,"column":61},"end":{"line":15,"column":71}},{"start":{"line":15,"column":71},"end":{"line":15,"column":null}}]},"1":{"loc":{"start":{"line":26,"column":41},"end":{"line":26,"column":82}},"type":"cond-expr","locations":[{"start":{"line":26,"column":66},"end":{"line":26,"column":76}},{"start":{"line":26,"column":76},"end":{"line":26,"column":82}}]}},"s":{"0":0,"1":0},"f":{"0":0,"1":0},"b":{"0":[0,0],"1":[0,0]}}
}
