{"D:/rs_school/rsschool-react-course/src/App.tsx": {"path":"D:/rs_school/rsschool-react-course/src/App.tsx","statementMap":{"0":{"start":{"line":11,"column":4},"end":{"line":22,"column":null}}},"fnMap":{"0":{"name":"(anonymous_0)","decl":{"start":{"line":10,"column":2},"end":{"line":10,"column":11}},"loc":{"start":{"line":10,"column":11},"end":{"line":24,"column":null}}}},"branchMap":{},"s":{"0":1},"f":{"0":1},"b":{}}
,"D:/rs_school/rsschool-react-course/src/components/AboutPageComponent/AboutPage.tsx": {"path":"D:/rs_school/rsschool-react-course/src/components/AboutPageComponent/AboutPage.tsx","statementMap":{"0":{"start":{"line":7,"column":4},"end":{"line":27,"column":null}}},"fnMap":{"0":{"name":"(anonymous_0)","decl":{"start":{"line":6,"column":2},"end":{"line":6,"column":11}},"loc":{"start":{"line":6,"column":11},"end":{"line":29,"column":null}}}},"branchMap":{},"s":{"0":0},"f":{"0":0},"b":{}}
,"D:/rs_school/rsschool-react-course/src/components/CardComponent/Card.tsx": {"path":"D:/rs_school/rsschool-react-course/src/components/CardComponent/Card.tsx","statementMap":{"0":{"start":{"line":26,"column":10},"end":{"line":28,"column":null}},"1":{"start":{"line":30,"column":13},"end":{"line":30,"column":null}},"2":{"start":{"line":32,"column":10},"end":{"line":34,"column":null}},"3":{"start":{"line":33,"column":4},"end":{"line":33,"column":null}},"4":{"start":{"line":36,"column":26},"end":{"line":43,"column":null}},"5":{"start":{"line":37,"column":4},"end":{"line":42,"column":null}},"6":{"start":{"line":38,"column":6},"end":{"line":38,"column":null}},"7":{"start":{"line":39,"column":6},"end":{"line":41,"column":null}},"8":{"start":{"line":39,"column":31},"end":{"line":41,"column":8}},"9":{"start":{"line":46,"column":21},"end":{"line":52,"column":null}},"10":{"start":{"line":47,"column":6},"end":{"line":51,"column":null}},"11":{"start":{"line":48,"column":8},"end":{"line":48,"column":null}},"12":{"start":{"line":50,"column":8},"end":{"line":50,"column":null}},"13":{"start":{"line":54,"column":4},"end":{"line":60,"column":null}},"14":{"start":{"line":55,"column":20},"end":{"line":55,"column":null}},"15":{"start":{"line":56,"column":21},"end":{"line":56,"column":null}},"16":{"start":{"line":57,"column":6},"end":{"line":57,"column":null}},"17":{"start":{"line":59,"column":6},"end":{"line":59,"column":null}},"18":{"start":{"line":64,"column":4},"end":{"line":64,"column":null}},"19":{"start":{"line":68,"column":77},"end":{"line":68,"column":null}},"20":{"start":{"line":70,"column":4},"end":{"line":129,"column":null}},"21":{"start":{"line":94,"column":16},"end":{"line":94,"column":null}},"22":{"start":{"line":120,"column":16},"end":{"line":122,"column":null}},"23":{"start":{"line":121,"column":18},"end":{"line":121,"column":null}}},"fnMap":{"0":{"name":"(anonymous_0)","decl":{"start":{"line":32,"column":10},"end":{"line":32,"column":16}},"loc":{"start":{"line":32,"column":16},"end":{"line":34,"column":null}}},"1":{"name":"(anonymous_1)","decl":{"start":{"line":36,"column":26},"end":{"line":36,"column":32}},"loc":{"start":{"line":36,"column":32},"end":{"line":43,"column":null}}},"2":{"name":"(anonymous_2)","decl":{"start":{"line":39,"column":20},"end":{"line":39,"column":21}},"loc":{"start":{"line":39,"column":31},"end":{"line":41,"column":8}}},"3":{"name":"(anonymous_3)","decl":{"start":{"line":45,"column":2},"end":{"line":45,"column":28}},"loc":{"start":{"line":45,"column":28},"end":{"line":61,"column":null}}},"4":{"name":"(anonymous_4)","decl":{"start":{"line":46,"column":21},"end":{"line":46,"column":22}},"loc":{"start":{"line":46,"column":40},"end":{"line":52,"column":null}}},"5":{"name":"(anonymous_5)","decl":{"start":{"line":63,"column":2},"end":{"line":63,"column":31}},"loc":{"start":{"line":63,"column":31},"end":{"line":65,"column":null}}},"6":{"name":"(anonymous_6)","decl":{"start":{"line":67,"column":2},"end":{"line":67,"column":11}},"loc":{"start":{"line":67,"column":11},"end":{"line":131,"column":null}}},"7":{"name":"(anonymous_7)","decl":{"start":{"line":93,"column":23},"end":{"line":93,"column":29}},"loc":{"start":{"line":93,"column":29},"end":{"line":95,"column":null}}},"8":{"name":"(anonymous_8)","decl":{"start":{"line":119,"column":23},"end":{"line":119,"column":29}},"loc":{"start":{"line":119,"column":29},"end":{"line":123,"column":null}}}},"branchMap":{"0":{"loc":{"start":{"line":37,"column":4},"end":{"line":42,"column":null}},"type":"if","locations":[{"start":{"line":37,"column":4},"end":{"line":42,"column":null}},{"start":{"line":37,"column":4},"end":{"line":42,"column":null}}]},"1":{"loc":{"start":{"line":47,"column":6},"end":{"line":51,"column":null}},"type":"if","locations":[{"start":{"line":47,"column":6},"end":{"line":51,"column":null}},{"start":{"line":49,"column":13},"end":{"line":51,"column":null}}]},"2":{"loc":{"start":{"line":54,"column":4},"end":{"line":60,"column":null}},"type":"if","locations":[{"start":{"line":54,"column":4},"end":{"line":60,"column":null}},{"start":{"line":54,"column":4},"end":{"line":60,"column":null}}]},"3":{"loc":{"start":{"line":56,"column":21},"end":{"line":56,"column":null}},"type":"cond-expr","locations":[{"start":{"line":56,"column":29},"end":{"line":56,"column":47}},{"start":{"line":56,"column":47},"end":{"line":56,"column":null}}]},"4":{"loc":{"start":{"line":74,"column":15},"end":{"line":74,"column":null}},"type":"binary-expr","locations":[{"start":{"line":74,"column":15},"end":{"line":74,"column":24}},{"start":{"line":74,"column":24},"end":{"line":74,"column":null}}]},"5":{"loc":{"start":{"line":83,"column":11},"end":{"line":83,"column":null}},"type":"binary-expr","locations":[{"start":{"line":83,"column":11},"end":{"line":83,"column":20}},{"start":{"line":83,"column":20},"end":{"line":83,"column":null}}]},"6":{"loc":{"start":{"line":88,"column":11},"end":{"line":112,"column":null}},"type":"binary-expr","locations":[{"start":{"line":88,"column":11},"end":{"line":88,"column":null}},{"start":{"line":89,"column":12},"end":{"line":112,"column":null}}]},"7":{"loc":{"start":{"line":108,"column":48},"end":{"line":108,"column":null}},"type":"cond-expr","locations":[{"start":{"line":108,"column":71},"end":{"line":108,"column":85}},{"start":{"line":108,"column":85},"end":{"line":108,"column":null}}]},"8":{"loc":{"start":{"line":114,"column":11},"end":{"line":126,"column":null}},"type":"binary-expr","locations":[{"start":{"line":114,"column":11},"end":{"line":114,"column":null}},{"start":{"line":115,"column":12},"end":{"line":126,"column":null}}]},"9":{"loc":{"start":{"line":120,"column":16},"end":{"line":122,"column":null}},"type":"if","locations":[{"start":{"line":120,"column":16},"end":{"line":122,"column":null}},{"start":{"line":120,"column":16},"end":{"line":122,"column":null}}]}},"s":{"0":18,"1":18,"2":18,"3":4,"4":18,"5":2,"6":2,"7":2,"8":2,"9":18,"10":2,"11":1,"12":1,"13":18,"14":11,"15":11,"16":11,"17":11,"18":18,"19":31,"20":31,"21":2,"22":2,"23":2},"f":{"0":4,"1":2,"2":2,"3":18,"4":2,"5":18,"6":31,"7":2,"8":2},"b":{"0":[2,0],"1":[1,1],"2":[11,7],"3":[2,9],"4":[31,2],"5":[31,0],"6":[31,24],"7":[3,21],"8":[31,3],"9":[2,0]}}
,"D:/rs_school/rsschool-react-course/src/components/CatsPageComponent/CatsPage.tsx": {"path":"D:/rs_school/rsschool-react-course/src/components/CatsPageComponent/CatsPage.tsx","statementMap":{"0":{"start":{"line":35,"column":17},"end":{"line":35,"column":null}},"1":{"start":{"line":36,"column":19},"end":{"line":36,"column":null}},"2":{"start":{"line":37,"column":17},"end":{"line":37,"column":null}},"3":{"start":{"line":38,"column":19},"end":{"line":38,"column":null}},"4":{"start":{"line":39,"column":21},"end":{"line":39,"column":null}},"5":{"start":{"line":40,"column":17},"end":{"line":40,"column":null}},"6":{"start":{"line":41,"column":17},"end":{"line":41,"column":null}},"7":{"start":{"line":42,"column":17},"end":{"line":42,"column":null}},"8":{"start":{"line":43,"column":17},"end":{"line":43,"column":null}},"9":{"start":{"line":46,"column":4},"end":{"line":46,"column":null}},"10":{"start":{"line":48,"column":24},"end":{"line":57,"column":null}},"11":{"start":{"line":49,"column":23},"end":{"line":49,"column":null}},"12":{"start":{"line":51,"column":6},"end":{"line":56,"column":null}},"13":{"start":{"line":52,"column":8},"end":{"line":52,"column":null}},"14":{"start":{"line":54,"column":8},"end":{"line":54,"column":null}},"15":{"start":{"line":55,"column":8},"end":{"line":55,"column":null}},"16":{"start":{"line":59,"column":4},"end":{"line":67,"column":null}},"17":{"start":{"line":71,"column":4},"end":{"line":71,"column":null}},"18":{"start":{"line":72,"column":4},"end":{"line":81,"column":null}},"19":{"start":{"line":83,"column":4},"end":{"line":83,"column":null}},"20":{"start":{"line":83,"column":21},"end":{"line":83,"column":57}},"21":{"start":{"line":84,"column":4},"end":{"line":84,"column":null}},"22":{"start":{"line":85,"column":4},"end":{"line":85,"column":null}},"23":{"start":{"line":86,"column":4},"end":{"line":86,"column":null}},"24":{"start":{"line":87,"column":4},"end":{"line":87,"column":null}},"25":{"start":{"line":88,"column":4},"end":{"line":88,"column":null}},"26":{"start":{"line":89,"column":4},"end":{"line":89,"column":null}},"27":{"start":{"line":90,"column":4},"end":{"line":90,"column":null}},"28":{"start":{"line":91,"column":4},"end":{"line":91,"column":null}},"29":{"start":{"line":92,"column":4},"end":{"line":97,"column":null}},"30":{"start":{"line":92,"column":25},"end":{"line":97,"column":6}},"31":{"start":{"line":101,"column":4},"end":{"line":103,"column":null}},"32":{"start":{"line":101,"column":50},"end":{"line":103,"column":6}},"33":{"start":{"line":104,"column":4},"end":{"line":104,"column":null}},"34":{"start":{"line":108,"column":4},"end":{"line":110,"column":null}},"35":{"start":{"line":109,"column":6},"end":{"line":109,"column":null}},"36":{"start":{"line":114,"column":4},"end":{"line":116,"column":null}},"37":{"start":{"line":115,"column":6},"end":{"line":115,"column":null}},"38":{"start":{"line":117,"column":4},"end":{"line":117,"column":null}},"39":{"start":{"line":120,"column":21},"end":{"line":131,"column":null}},"40":{"start":{"line":121,"column":22},"end":{"line":121,"column":null}},"41":{"start":{"line":122,"column":4},"end":{"line":130,"column":null}},"42":{"start":{"line":123,"column":6},"end":{"line":125,"column":null}},"43":{"start":{"line":123,"column":27},"end":{"line":125,"column":8}},"44":{"start":{"line":127,"column":6},"end":{"line":129,"column":null}},"45":{"start":{"line":127,"column":27},"end":{"line":129,"column":8}},"46":{"start":{"line":133,"column":22},"end":{"line":137,"column":null}},"47":{"start":{"line":134,"column":4},"end":{"line":136,"column":null}},"48":{"start":{"line":134,"column":25},"end":{"line":136,"column":6}},"49":{"start":{"line":139,"column":23},"end":{"line":143,"column":null}},"50":{"start":{"line":140,"column":4},"end":{"line":142,"column":null}},"51":{"start":{"line":140,"column":25},"end":{"line":142,"column":6}},"52":{"start":{"line":145,"column":25},"end":{"line":149,"column":null}},"53":{"start":{"line":146,"column":4},"end":{"line":148,"column":null}},"54":{"start":{"line":146,"column":25},"end":{"line":148,"column":6}},"55":{"start":{"line":151,"column":25},"end":{"line":155,"column":null}},"56":{"start":{"line":152,"column":4},"end":{"line":154,"column":null}},"57":{"start":{"line":152,"column":25},"end":{"line":154,"column":6}},"58":{"start":{"line":157,"column":22},"end":{"line":163,"column":null}},"59":{"start":{"line":158,"column":4},"end":{"line":162,"column":null}},"60":{"start":{"line":159,"column":6},"end":{"line":161,"column":null}},"61":{"start":{"line":159,"column":27},"end":{"line":161,"column":8}},"62":{"start":{"line":165,"column":17},"end":{"line":171,"column":null}},"63":{"start":{"line":166,"column":28},"end":{"line":166,"column":null}},"64":{"start":{"line":166,"column":62},"end":{"line":166,"column":74}},"65":{"start":{"line":167,"column":4},"end":{"line":169,"column":null}},"66":{"start":{"line":167,"column":50},"end":{"line":169,"column":6}},"67":{"start":{"line":168,"column":44},"end":{"line":168,"column":65}},"68":{"start":{"line":170,"column":4},"end":{"line":170,"column":null}},"69":{"start":{"line":174,"column":4},"end":{"line":226,"column":null}},"70":{"start":{"line":181,"column":14},"end":{"line":181,"column":null}},"71":{"start":{"line":215,"column":12},"end":{"line":222,"column":null}}},"fnMap":{"0":{"name":"(anonymous_0)","decl":{"start":{"line":45,"column":2},"end":{"line":45,"column":14}},"loc":{"start":{"line":45,"column":44},"end":{"line":68,"column":null}}},"1":{"name":"(anonymous_1)","decl":{"start":{"line":48,"column":24},"end":{"line":48,"column":30}},"loc":{"start":{"line":48,"column":30},"end":{"line":57,"column":null}}},"2":{"name":"(anonymous_2)","decl":{"start":{"line":70,"column":2},"end":{"line":70,"column":15}},"loc":{"start":{"line":70,"column":52},"end":{"line":98,"column":null}}},"3":{"name":"(anonymous_3)","decl":{"start":{"line":83,"column":15},"end":{"line":83,"column":21}},"loc":{"start":{"line":83,"column":21},"end":{"line":83,"column":57}}},"4":{"name":"(anonymous_4)","decl":{"start":{"line":92,"column":18},"end":{"line":92,"column":25}},"loc":{"start":{"line":92,"column":25},"end":{"line":97,"column":6}}},"5":{"name":"(anonymous_5)","decl":{"start":{"line":100,"column":2},"end":{"line":100,"column":9}},"loc":{"start":{"line":100,"column":24},"end":{"line":105,"column":null}}},"6":{"name":"(anonymous_6)","decl":{"start":{"line":101,"column":18},"end":{"line":101,"column":19}},"loc":{"start":{"line":101,"column":50},"end":{"line":103,"column":6}}},"7":{"name":"(anonymous_7)","decl":{"start":{"line":107,"column":2},"end":{"line":107,"column":28}},"loc":{"start":{"line":107,"column":28},"end":{"line":111,"column":null}}},"8":{"name":"(anonymous_8)","decl":{"start":{"line":108,"column":44},"end":{"line":108,"column":50}},"loc":{"start":{"line":108,"column":50},"end":{"line":110,"column":5}}},"9":{"name":"(anonymous_9)","decl":{"start":{"line":113,"column":2},"end":{"line":113,"column":31}},"loc":{"start":{"line":113,"column":31},"end":{"line":118,"column":null}}},"10":{"name":"(anonymous_10)","decl":{"start":{"line":114,"column":47},"end":{"line":114,"column":53}},"loc":{"start":{"line":114,"column":53},"end":{"line":116,"column":5}}},"11":{"name":"(anonymous_11)","decl":{"start":{"line":120,"column":21},"end":{"line":120,"column":22}},"loc":{"start":{"line":120,"column":59},"end":{"line":131,"column":null}}},"12":{"name":"(anonymous_12)","decl":{"start":{"line":123,"column":20},"end":{"line":123,"column":27}},"loc":{"start":{"line":123,"column":27},"end":{"line":125,"column":8}}},"13":{"name":"(anonymous_13)","decl":{"start":{"line":127,"column":20},"end":{"line":127,"column":27}},"loc":{"start":{"line":127,"column":27},"end":{"line":129,"column":8}}},"14":{"name":"(anonymous_14)","decl":{"start":{"line":133,"column":22},"end":{"line":133,"column":23}},"loc":{"start":{"line":133,"column":42},"end":{"line":137,"column":null}}},"15":{"name":"(anonymous_15)","decl":{"start":{"line":134,"column":18},"end":{"line":134,"column":25}},"loc":{"start":{"line":134,"column":25},"end":{"line":136,"column":6}}},"16":{"name":"(anonymous_16)","decl":{"start":{"line":139,"column":23},"end":{"line":139,"column":24}},"loc":{"start":{"line":139,"column":43},"end":{"line":143,"column":null}}},"17":{"name":"(anonymous_17)","decl":{"start":{"line":140,"column":18},"end":{"line":140,"column":25}},"loc":{"start":{"line":140,"column":25},"end":{"line":142,"column":6}}},"18":{"name":"(anonymous_18)","decl":{"start":{"line":145,"column":25},"end":{"line":145,"column":26}},"loc":{"start":{"line":145,"column":44},"end":{"line":149,"column":null}}},"19":{"name":"(anonymous_19)","decl":{"start":{"line":146,"column":18},"end":{"line":146,"column":25}},"loc":{"start":{"line":146,"column":25},"end":{"line":148,"column":6}}},"20":{"name":"(anonymous_20)","decl":{"start":{"line":151,"column":25},"end":{"line":151,"column":26}},"loc":{"start":{"line":151,"column":46},"end":{"line":155,"column":null}}},"21":{"name":"(anonymous_21)","decl":{"start":{"line":152,"column":18},"end":{"line":152,"column":25}},"loc":{"start":{"line":152,"column":25},"end":{"line":154,"column":6}}},"22":{"name":"(anonymous_22)","decl":{"start":{"line":157,"column":22},"end":{"line":157,"column":23}},"loc":{"start":{"line":157,"column":55},"end":{"line":163,"column":null}}},"23":{"name":"(anonymous_23)","decl":{"start":{"line":159,"column":20},"end":{"line":159,"column":27}},"loc":{"start":{"line":159,"column":27},"end":{"line":161,"column":8}}},"24":{"name":"(anonymous_24)","decl":{"start":{"line":165,"column":17},"end":{"line":165,"column":18}},"loc":{"start":{"line":165,"column":33},"end":{"line":171,"column":null}}},"25":{"name":"(anonymous_25)","decl":{"start":{"line":166,"column":54},"end":{"line":166,"column":55}},"loc":{"start":{"line":166,"column":62},"end":{"line":166,"column":74}}},"26":{"name":"(anonymous_26)","decl":{"start":{"line":167,"column":18},"end":{"line":167,"column":19}},"loc":{"start":{"line":167,"column":50},"end":{"line":169,"column":6}}},"27":{"name":"(anonymous_27)","decl":{"start":{"line":168,"column":34},"end":{"line":168,"column":35}},"loc":{"start":{"line":168,"column":44},"end":{"line":168,"column":65}}},"28":{"name":"(anonymous_28)","decl":{"start":{"line":173,"column":2},"end":{"line":173,"column":11}},"loc":{"start":{"line":173,"column":11},"end":{"line":228,"column":null}}},"29":{"name":"(anonymous_29)","decl":{"start":{"line":180,"column":22},"end":{"line":180,"column":23}},"loc":{"start":{"line":180,"column":29},"end":{"line":182,"column":null}}},"30":{"name":"(anonymous_30)","decl":{"start":{"line":214,"column":31},"end":{"line":214,"column":32}},"loc":{"start":{"line":214,"column":50},"end":{"line":224,"column":11}}}},"branchMap":{"0":{"loc":{"start":{"line":52,"column":15},"end":{"line":52,"column":null}},"type":"cond-expr","locations":[{"start":{"line":52,"column":27},"end":{"line":52,"column":65}},{"start":{"line":52,"column":65},"end":{"line":52,"column":null}}]},"1":{"loc":{"start":{"line":73,"column":10},"end":{"line":73,"column":null}},"type":"cond-expr","locations":[{"start":{"line":73,"column":35},"end":{"line":73,"column":88}},{"start":{"line":73,"column":88},"end":{"line":73,"column":null}}]},"2":{"loc":{"start":{"line":74,"column":12},"end":{"line":74,"column":null}},"type":"binary-expr","locations":[{"start":{"line":74,"column":12},"end":{"line":74,"column":48}},{"start":{"line":74,"column":48},"end":{"line":74,"column":null}}]},"3":{"loc":{"start":{"line":76,"column":19},"end":{"line":76,"column":null}},"type":"binary-expr","locations":[{"start":{"line":76,"column":19},"end":{"line":76,"column":75}},{"start":{"line":76,"column":75},"end":{"line":76,"column":null}}]},"4":{"loc":{"start":{"line":122,"column":4},"end":{"line":130,"column":null}},"type":"if","locations":[{"start":{"line":122,"column":4},"end":{"line":130,"column":null}},{"start":{"line":126,"column":11},"end":{"line":130,"column":null}}]},"5":{"loc":{"start":{"line":158,"column":4},"end":{"line":162,"column":null}},"type":"if","locations":[{"start":{"line":158,"column":4},"end":{"line":162,"column":null}},{"start":{"line":158,"column":4},"end":{"line":162,"column":null}}]}},"s":{"0":11,"1":11,"2":11,"3":11,"4":11,"5":11,"6":11,"7":11,"8":11,"9":11,"10":11,"11":11,"12":11,"13":11,"14":1,"15":1,"16":11,"17":1,"18":1,"19":1,"20":1,"21":1,"22":1,"23":1,"24":1,"25":1,"26":1,"27":1,"28":1,"29":1,"30":1,"31":1,"32":1,"33":1,"34":11,"35":1,"36":11,"37":0,"38":11,"39":11,"40":20,"41":20,"42":20,"43":20,"44":0,"45":0,"46":11,"47":1,"48":1,"49":11,"50":2,"51":2,"52":11,"53":1,"54":1,"55":11,"56":4,"57":4,"58":11,"59":0,"60":0,"61":0,"62":11,"63":1,"64":1,"65":1,"66":1,"67":1,"68":1,"69":41,"70":1,"71":2},"f":{"0":11,"1":11,"2":1,"3":1,"4":1,"5":1,"6":1,"7":11,"8":1,"9":11,"10":0,"11":20,"12":20,"13":0,"14":1,"15":1,"16":2,"17":2,"18":1,"19":1,"20":4,"21":4,"22":0,"23":0,"24":1,"25":1,"26":1,"27":1,"28":41,"29":1,"30":2},"b":{"0":[2,9],"1":[0,1],"2":[1,0],"3":[1,0],"4":[20,0],"5":[0,0]}}
,"D:/rs_school/rsschool-react-course/src/components/Footer/Footer.tsx": {"path":"D:/rs_school/rsschool-react-course/src/components/Footer/Footer.tsx","statementMap":{"0":{"start":{"line":8,"column":4},"end":{"line":25,"column":null}}},"fnMap":{"0":{"name":"(anonymous_0)","decl":{"start":{"line":7,"column":2},"end":{"line":7,"column":11}},"loc":{"start":{"line":7,"column":11},"end":{"line":27,"column":null}}}},"branchMap":{},"s":{"0":1},"f":{"0":1},"b":{}}
,"D:/rs_school/rsschool-react-course/src/components/Header/Header.tsx": {"path":"D:/rs_school/rsschool-react-course/src/components/Header/Header.tsx","statementMap":{"0":{"start":{"line":8,"column":4},"end":{"line":24,"column":null}}},"fnMap":{"0":{"name":"(anonymous_0)","decl":{"start":{"line":7,"column":2},"end":{"line":7,"column":11}},"loc":{"start":{"line":7,"column":11},"end":{"line":26,"column":null}}}},"branchMap":{},"s":{"0":1},"f":{"0":1},"b":{}}
,"D:/rs_school/rsschool-react-course/src/components/HomePageComponent/HomePage.tsx": {"path":"D:/rs_school/rsschool-react-course/src/components/HomePageComponent/HomePage.tsx","statementMap":{"0":{"start":{"line":9,"column":4},"end":{"line":17,"column":null}},"1":{"start":{"line":14,"column":12},"end":{"line":14,"column":null}}},"fnMap":{"0":{"name":"(anonymous_0)","decl":{"start":{"line":8,"column":2},"end":{"line":8,"column":11}},"loc":{"start":{"line":8,"column":11},"end":{"line":19,"column":null}}},"1":{"name":"(anonymous_1)","decl":{"start":{"line":13,"column":20},"end":{"line":13,"column":21}},"loc":{"start":{"line":13,"column":30},"end":{"line":15,"column":11}}}},"branchMap":{},"s":{"0":1,"1":6},"f":{"0":1,"1":6},"b":{}}
,"D:/rs_school/rsschool-react-course/src/components/Layout/Layout.tsx": {"path":"D:/rs_school/rsschool-react-course/src/components/Layout/Layout.tsx","statementMap":{"0":{"start":{"line":9,"column":4},"end":{"line":16,"column":null}}},"fnMap":{"0":{"name":"(anonymous_0)","decl":{"start":{"line":8,"column":2},"end":{"line":8,"column":11}},"loc":{"start":{"line":8,"column":11},"end":{"line":18,"column":null}}}},"branchMap":{},"s":{"0":1},"f":{"0":1},"b":{}}
,"D:/rs_school/rsschool-react-course/src/components/NotFoundPageComponent/NotFoundPage.tsx": {"path":"D:/rs_school/rsschool-react-course/src/components/NotFoundPageComponent/NotFoundPage.tsx","statementMap":{"0":{"start":{"line":6,"column":4},"end":{"line":13,"column":null}}},"fnMap":{"0":{"name":"(anonymous_0)","decl":{"start":{"line":5,"column":2},"end":{"line":5,"column":11}},"loc":{"start":{"line":5,"column":11},"end":{"line":15,"column":null}}}},"branchMap":{},"s":{"0":0},"f":{"0":0},"b":{}}
,"D:/rs_school/rsschool-react-course/src/components/SearchBar/SearchBar.tsx": {"path":"D:/rs_school/rsschool-react-course/src/components/SearchBar/SearchBar.tsx","statementMap":{"0":{"start":{"line":6,"column":10},"end":{"line":8,"column":null}},"1":{"start":{"line":10,"column":23},"end":{"line":13,"column":null}},"2":{"start":{"line":11,"column":18},"end":{"line":11,"column":null}},"3":{"start":{"line":12,"column":4},"end":{"line":12,"column":null}},"4":{"start":{"line":15,"column":23},"end":{"line":18,"column":null}},"5":{"start":{"line":16,"column":4},"end":{"line":16,"column":null}},"6":{"start":{"line":17,"column":4},"end":{"line":17,"column":null}},"7":{"start":{"line":21,"column":4},"end":{"line":21,"column":null}},"8":{"start":{"line":25,"column":4},"end":{"line":25,"column":null}},"9":{"start":{"line":26,"column":4},"end":{"line":26,"column":null}},"10":{"start":{"line":30,"column":4},"end":{"line":52,"column":null}},"11":{"start":{"line":34,"column":10},"end":{"line":34,"column":null}},"12":{"start":{"line":35,"column":10},"end":{"line":35,"column":null}},"13":{"start":{"line":45,"column":12},"end":{"line":45,"column":null}}},"fnMap":{"0":{"name":"(anonymous_0)","decl":{"start":{"line":10,"column":23},"end":{"line":10,"column":24}},"loc":{"start":{"line":10,"column":61},"end":{"line":13,"column":null}}},"1":{"name":"(anonymous_1)","decl":{"start":{"line":15,"column":23},"end":{"line":15,"column":29}},"loc":{"start":{"line":15,"column":29},"end":{"line":18,"column":null}}},"2":{"name":"(anonymous_2)","decl":{"start":{"line":20,"column":2},"end":{"line":20,"column":28}},"loc":{"start":{"line":20,"column":28},"end":{"line":22,"column":null}}},"3":{"name":"(anonymous_3)","decl":{"start":{"line":24,"column":2},"end":{"line":24,"column":31}},"loc":{"start":{"line":24,"column":31},"end":{"line":27,"column":null}}},"4":{"name":"(anonymous_4)","decl":{"start":{"line":29,"column":2},"end":{"line":29,"column":11}},"loc":{"start":{"line":29,"column":11},"end":{"line":54,"column":null}}},"5":{"name":"(anonymous_5)","decl":{"start":{"line":33,"column":18},"end":{"line":33,"column":19}},"loc":{"start":{"line":33,"column":25},"end":{"line":36,"column":null}}},"6":{"name":"(anonymous_6)","decl":{"start":{"line":44,"column":20},"end":{"line":44,"column":21}},"loc":{"start":{"line":44,"column":27},"end":{"line":46,"column":null}}}},"branchMap":{"0":{"loc":{"start":{"line":7,"column":17},"end":{"line":7,"column":null}},"type":"binary-expr","locations":[{"start":{"line":7,"column":17},"end":{"line":7,"column":57}},{"start":{"line":7,"column":57},"end":{"line":7,"column":null}}]}},"s":{"0":1,"1":1,"2":0,"3":0,"4":1,"5":0,"6":0,"7":1,"8":1,"9":1,"10":1,"11":0,"12":0,"13":0},"f":{"0":0,"1":0,"2":1,"3":1,"4":1,"5":0,"6":0},"b":{"0":[1,1]}}
,"D:/rs_school/rsschool-react-course/src/components/basicComponents/CheckboxInput.tsx": {"path":"D:/rs_school/rsschool-react-course/src/components/basicComponents/CheckboxInput.tsx","statementMap":{"0":{"start":{"line":16,"column":10},"end":{"line":18,"column":null}},"1":{"start":{"line":20,"column":17},"end":{"line":31,"column":null}},"2":{"start":{"line":21,"column":22},"end":{"line":21,"column":null}},"3":{"start":{"line":22,"column":4},"end":{"line":30,"column":null}},"4":{"start":{"line":23,"column":6},"end":{"line":25,"column":null}},"5":{"start":{"line":23,"column":36},"end":{"line":25,"column":8}},"6":{"start":{"line":27,"column":6},"end":{"line":29,"column":null}},"7":{"start":{"line":27,"column":36},"end":{"line":29,"column":8}},"8":{"start":{"line":28,"column":53},"end":{"line":28,"column":64}},"9":{"start":{"line":37,"column":4},"end":{"line":39,"column":null}},"10":{"start":{"line":38,"column":6},"end":{"line":38,"column":null}},"11":{"start":{"line":43,"column":4},"end":{"line":93,"column":null}},"12":{"start":{"line":53,"column":14},"end":{"line":53,"column":null}},"13":{"start":{"line":69,"column":14},"end":{"line":69,"column":null}},"14":{"start":{"line":85,"column":14},"end":{"line":85,"column":null}}},"fnMap":{"0":{"name":"(anonymous_0)","decl":{"start":{"line":20,"column":17},"end":{"line":20,"column":18}},"loc":{"start":{"line":20,"column":55},"end":{"line":31,"column":null}}},"1":{"name":"(anonymous_1)","decl":{"start":{"line":23,"column":20},"end":{"line":23,"column":21}},"loc":{"start":{"line":23,"column":36},"end":{"line":25,"column":8}}},"2":{"name":"(anonymous_2)","decl":{"start":{"line":27,"column":20},"end":{"line":27,"column":21}},"loc":{"start":{"line":27,"column":36},"end":{"line":29,"column":8}}},"3":{"name":"(anonymous_3)","decl":{"start":{"line":28,"column":38},"end":{"line":28,"column":39}},"loc":{"start":{"line":28,"column":53},"end":{"line":28,"column":64}}},"4":{"name":"(anonymous_4)","decl":{"start":{"line":33,"column":2},"end":{"line":33,"column":null}},"loc":{"start":{"line":36,"column":4},"end":{"line":40,"column":null}}},"5":{"name":"(anonymous_5)","decl":{"start":{"line":42,"column":2},"end":{"line":42,"column":11}},"loc":{"start":{"line":42,"column":11},"end":{"line":95,"column":null}}},"6":{"name":"(anonymous_6)","decl":{"start":{"line":52,"column":22},"end":{"line":52,"column":23}},"loc":{"start":{"line":52,"column":29},"end":{"line":54,"column":null}}},"7":{"name":"(anonymous_7)","decl":{"start":{"line":68,"column":22},"end":{"line":68,"column":23}},"loc":{"start":{"line":68,"column":29},"end":{"line":70,"column":null}}},"8":{"name":"(anonymous_8)","decl":{"start":{"line":84,"column":22},"end":{"line":84,"column":23}},"loc":{"start":{"line":84,"column":29},"end":{"line":86,"column":null}}}},"branchMap":{"0":{"loc":{"start":{"line":22,"column":4},"end":{"line":30,"column":null}},"type":"if","locations":[{"start":{"line":22,"column":4},"end":{"line":30,"column":null}},{"start":{"line":26,"column":11},"end":{"line":30,"column":null}}]},"1":{"loc":{"start":{"line":37,"column":4},"end":{"line":39,"column":null}},"type":"if","locations":[{"start":{"line":37,"column":4},"end":{"line":39,"column":null}},{"start":{"line":37,"column":4},"end":{"line":39,"column":null}}]}},"s":{"0":11,"1":11,"2":4,"3":4,"4":3,"5":3,"6":1,"7":1,"8":3,"9":34,"10":4,"11":45,"12":2,"13":1,"14":1},"f":{"0":4,"1":3,"2":1,"3":3,"4":34,"5":45,"6":2,"7":1,"8":1},"b":{"0":[3,1],"1":[4,30]}}
,"D:/rs_school/rsschool-react-course/src/components/basicComponents/DateInput.tsx": {"path":"D:/rs_school/rsschool-react-course/src/components/basicComponents/DateInput.tsx","statementMap":{"0":{"start":{"line":9,"column":16},"end":{"line":9,"column":null}},"1":{"start":{"line":12,"column":4},"end":{"line":25,"column":null}}},"fnMap":{"0":{"name":"(anonymous_0)","decl":{"start":{"line":11,"column":2},"end":{"line":11,"column":11}},"loc":{"start":{"line":11,"column":11},"end":{"line":27,"column":null}}}},"branchMap":{},"s":{"0":11,"1":41},"f":{"0":41},"b":{}}
,"D:/rs_school/rsschool-react-course/src/components/basicComponents/FileInput.tsx": {"path":"D:/rs_school/rsschool-react-course/src/components/basicComponents/FileInput.tsx","statementMap":{"0":{"start":{"line":11,"column":4},"end":{"line":32,"column":null}},"1":{"start":{"line":20,"column":25},"end":{"line":20,"column":null}},"2":{"start":{"line":21,"column":27},"end":{"line":21,"column":null}},"3":{"start":{"line":22,"column":12},"end":{"line":27,"column":null}},"4":{"start":{"line":23,"column":35},"end":{"line":23,"column":null}},"5":{"start":{"line":24,"column":14},"end":{"line":26,"column":null}},"6":{"start":{"line":25,"column":16},"end":{"line":25,"column":null}},"7":{"start":{"line":28,"column":12},"end":{"line":28,"column":null}}},"fnMap":{"0":{"name":"(anonymous_0)","decl":{"start":{"line":10,"column":2},"end":{"line":10,"column":11}},"loc":{"start":{"line":10,"column":11},"end":{"line":34,"column":null}}},"1":{"name":"(anonymous_1)","decl":{"start":{"line":19,"column":20},"end":{"line":19,"column":21}},"loc":{"start":{"line":19,"column":27},"end":{"line":29,"column":null}}},"2":{"name":"(anonymous_2)","decl":{"start":{"line":22,"column":28},"end":{"line":22,"column":29}},"loc":{"start":{"line":22,"column":39},"end":{"line":27,"column":null}}}},"branchMap":{"0":{"loc":{"start":{"line":24,"column":14},"end":{"line":26,"column":null}},"type":"if","locations":[{"start":{"line":24,"column":14},"end":{"line":26,"column":null}},{"start":{"line":24,"column":14},"end":{"line":26,"column":null}}]}},"s":{"0":41,"1":1,"2":1,"3":1,"4":0,"5":0,"6":0,"7":1},"f":{"0":41,"1":1,"2":0},"b":{"0":[0,0]}}
,"D:/rs_school/rsschool-react-course/src/components/basicComponents/RadioInput.tsx": {"path":"D:/rs_school/rsschool-react-course/src/components/basicComponents/RadioInput.tsx","statementMap":{"0":{"start":{"line":12,"column":4},"end":{"line":52,"column":null}},"1":{"start":{"line":22,"column":14},"end":{"line":22,"column":null}},"2":{"start":{"line":41,"column":14},"end":{"line":41,"column":null}}},"fnMap":{"0":{"name":"(anonymous_0)","decl":{"start":{"line":11,"column":2},"end":{"line":11,"column":11}},"loc":{"start":{"line":11,"column":11},"end":{"line":54,"column":null}}},"1":{"name":"(anonymous_1)","decl":{"start":{"line":21,"column":22},"end":{"line":21,"column":28}},"loc":{"start":{"line":21,"column":28},"end":{"line":23,"column":null}}},"2":{"name":"(anonymous_2)","decl":{"start":{"line":40,"column":22},"end":{"line":40,"column":28}},"loc":{"start":{"line":40,"column":28},"end":{"line":42,"column":null}}}},"branchMap":{"0":{"loc":{"start":{"line":27,"column":45},"end":{"line":27,"column":null}},"type":"cond-expr","locations":[{"start":{"line":27,"column":73},"end":{"line":27,"column":91}},{"start":{"line":27,"column":91},"end":{"line":27,"column":null}}]},"1":{"loc":{"start":{"line":46,"column":45},"end":{"line":46,"column":null}},"type":"cond-expr","locations":[{"start":{"line":46,"column":73},"end":{"line":46,"column":91}},{"start":{"line":46,"column":91},"end":{"line":46,"column":null}}]}},"s":{"0":41,"1":1,"2":1},"f":{"0":41,"1":1,"2":1},"b":{"0":[1,40],"1":[1,40]}}
,"D:/rs_school/rsschool-react-course/src/components/basicComponents/RangeInput.tsx": {"path":"D:/rs_school/rsschool-react-course/src/components/basicComponents/RangeInput.tsx","statementMap":{"0":{"start":{"line":13,"column":4},"end":{"line":31,"column":null}},"1":{"start":{"line":27,"column":30},"end":{"line":27,"column":null}},"2":{"start":{"line":28,"column":12},"end":{"line":28,"column":null}}},"fnMap":{"0":{"name":"(anonymous_0)","decl":{"start":{"line":12,"column":2},"end":{"line":12,"column":11}},"loc":{"start":{"line":12,"column":11},"end":{"line":33,"column":null}}},"1":{"name":"(anonymous_1)","decl":{"start":{"line":26,"column":20},"end":{"line":26,"column":21}},"loc":{"start":{"line":26,"column":27},"end":{"line":29,"column":null}}}},"branchMap":{},"s":{"0":41,"1":1,"2":1},"f":{"0":41,"1":1},"b":{}}
,"D:/rs_school/rsschool-react-course/src/components/basicComponents/Rating.tsx": {"path":"D:/rs_school/rsschool-react-course/src/components/basicComponents/Rating.tsx","statementMap":{"0":{"start":{"line":11,"column":4},"end":{"line":23,"column":null}}},"fnMap":{"0":{"name":"(anonymous_0)","decl":{"start":{"line":10,"column":2},"end":{"line":10,"column":11}},"loc":{"start":{"line":10,"column":11},"end":{"line":25,"column":null}}}},"branchMap":{},"s":{"0":72},"f":{"0":72},"b":{}}
,"D:/rs_school/rsschool-react-course/src/components/basicComponents/SelectInput.tsx": {"path":"D:/rs_school/rsschool-react-course/src/components/basicComponents/SelectInput.tsx","statementMap":{"0":{"start":{"line":11,"column":4},"end":{"line":46,"column":null}},"1":{"start":{"line":17,"column":30},"end":{"line":17,"column":null}},"2":{"start":{"line":18,"column":12},"end":{"line":18,"column":null}}},"fnMap":{"0":{"name":"(anonymous_0)","decl":{"start":{"line":10,"column":2},"end":{"line":10,"column":11}},"loc":{"start":{"line":10,"column":11},"end":{"line":48,"column":null}}},"1":{"name":"(anonymous_1)","decl":{"start":{"line":16,"column":20},"end":{"line":16,"column":21}},"loc":{"start":{"line":16,"column":27},"end":{"line":19,"column":null}}}},"branchMap":{},"s":{"0":41,"1":1,"2":1},"f":{"0":41,"1":1},"b":{}}
,"D:/rs_school/rsschool-react-course/src/components/basicComponents/TextInput.tsx": {"path":"D:/rs_school/rsschool-react-course/src/components/basicComponents/TextInput.tsx","statementMap":{"0":{"start":{"line":12,"column":4},"end":{"line":29,"column":null}},"1":{"start":{"line":22,"column":12},"end":{"line":22,"column":null}}},"fnMap":{"0":{"name":"(anonymous_0)","decl":{"start":{"line":11,"column":2},"end":{"line":11,"column":11}},"loc":{"start":{"line":11,"column":11},"end":{"line":31,"column":null}}},"1":{"name":"(anonymous_1)","decl":{"start":{"line":21,"column":20},"end":{"line":21,"column":21}},"loc":{"start":{"line":21,"column":27},"end":{"line":23,"column":null}}}},"branchMap":{"0":{"loc":{"start":{"line":15,"column":36},"end":{"line":15,"column":null}},"type":"cond-expr","locations":[{"start":{"line":15,"column":61},"end":{"line":15,"column":71}},{"start":{"line":15,"column":71},"end":{"line":15,"column":null}}]},"1":{"loc":{"start":{"line":26,"column":41},"end":{"line":26,"column":82}},"type":"cond-expr","locations":[{"start":{"line":26,"column":66},"end":{"line":26,"column":76}},{"start":{"line":26,"column":76},"end":{"line":26,"column":82}}]}},"s":{"0":41,"1":20},"f":{"0":41,"1":20},"b":{"0":[21,20],"1":[21,20]}}
}
